<?xml version="1.0" encoding="UTF-8"?>
<!-- Generated by org.testng.reporters.JUnitReportReporter -->
<testsuite hostname="DESKTOP-493EAAE" failures="0" tests="5" name="testingbaba.TestingbabaAlerts_Frame_test" time="0.000" errors="0" timestamp="2022-04-18T20:18:04 IST" skipped="5">
  <testcase classname="testingbaba.TestingbabaAlerts_Frame_test" name="AlertsTestingBaba_test01" time="0.000">
    <skipped/>
  </testcase> <!-- AlertsTestingBaba_test01 -->
  <system-out>
    <![CDATA[Testcase AlertsTestingBaba_test01 got skipped
Testcase AlertsTestingBaba_test02 started successfully]]>
  </system-out>
  <testcase classname="testingbaba.TestingbabaAlerts_Frame_test" name="AlertsTestingBaba_test02" time="0.000">
    <skipped/>
  </testcase> <!-- AlertsTestingBaba_test02 -->
  <system-out>
    <![CDATA[Testcase AlertsTestingBaba_test02 got skipped
Testcase AlertsTestingBaba_test03 started successfully]]>
  </system-out>
  <testcase classname="testingbaba.TestingbabaAlerts_Frame_test" name="AlertsTestingBaba_test03" time="0.000">
    <skipped/>
  </testcase> <!-- AlertsTestingBaba_test03 -->
  <system-out>
    <![CDATA[Testcase AlertsTestingBaba_test03 got skipped
Testcase AlertsTestingBaba_test04 started successfully]]>
  </system-out>
  <testcase classname="testingbaba.TestingbabaAlerts_Frame_test" name="AlertsTestingBaba_test04" time="0.000">
    <skipped/>
  </testcase> <!-- AlertsTestingBaba_test04 -->
  <system-out>
    <![CDATA[Testcase AlertsTestingBaba_test04 got skipped
Testcase AlertsTestingBaba_test05 started successfully]]>
  </system-out>
  <testcase classname="testingbaba.TestingbabaAlerts_Frame_test" name="AlertsTestingBaba_test05" time="0.000">
    <skipped/>
  </testcase> <!-- AlertsTestingBaba_test05 -->
  <system-out>
    <![CDATA[Testcase AlertsTestingBaba_test05 got skipped
Testcase AutocompleteTestingBaba_test01 started successfully]]>
  </system-out>
</testsuite> <!-- testingbaba.TestingbabaAlerts_Frame_test -->
