<?xml version="1.0" encoding="UTF-8"?>
<!-- Generated by org.testng.reporters.JUnitReportReporter -->
<testsuite hostname="DESKTOP-493EAAE" failures="0" tests="2" name="testingbaba.Testingbaba_upload_test" time="0.000" errors="0" timestamp="2022-04-18T20:18:04 IST" skipped="2">
  <testcase classname="testingbaba.Testingbaba_upload_test" name="UploadFileTestingBaba_test02" time="0.000">
    <skipped/>
  </testcase> <!-- UploadFileTestingBaba_test02 -->
  <system-out>
    <![CDATA[Testcase UploadFileTestingBaba_test02 got skipped
Testcase WebTablesTestingBaba_test01 started successfully]]>
  </system-out>
  <testcase classname="testingbaba.Testingbaba_upload_test" name="UploadFileTestingBaba_test01" time="0.000">
    <skipped/>
  </testcase> <!-- UploadFileTestingBaba_test01 -->
  <system-out>
    <![CDATA[Testcase UploadFileTestingBaba_test01 got skipped
Testcase UploadFileTestingBaba_test02 started successfully]]>
  </system-out>
</testsuite> <!-- testingbaba.Testingbaba_upload_test -->
