<?xml version="1.0" encoding="UTF-8"?>
<!-- Generated by org.testng.reporters.JUnitReportReporter -->
<testsuite hostname="DESKTOP-493EAAE" failures="0" tests="4" name="testingbaba.Testingbaba_textbox_test" time="1.247" errors="0" timestamp="2022-04-19T19:00:47 IST" skipped="0">
  <testcase classname="testingbaba.Testingbaba_textbox_test" name="TextboxTestingBaba_test01" time="0.013"/>
  <system-out>
    <![CDATA[Testcase TextboxTestingBaba_test01 started successfully
inside test01
Testcase TextboxTestingBaba_test01 passed successfully]]>
  </system-out>
  <testcase classname="testingbaba.Testingbaba_textbox_test" name="TextboxTestingBaba_test02" time="0.278"/>
  <system-out>
    <![CDATA[Testcase TextboxTestingBaba_test02 started successfully
inside test01
Testcase TextboxTestingBaba_test02 passed successfully]]>
  </system-out>
  <testcase classname="testingbaba.Testingbaba_textbox_test" name="TextboxTestingBaba_test03" time="0.853"/>
  <system-out>
    <![CDATA[Testcase TextboxTestingBaba_test03 started successfully
inside test01
Testcase TextboxTestingBaba_test03 passed successfully]]>
  </system-out>
  <testcase classname="testingbaba.Testingbaba_textbox_test" name="TextboxTestingBaba_test04" time="0.103"/>
  <system-out>
    <![CDATA[Testcase TextboxTestingBaba_test04 started successfully
inside test01
Testcase TextboxTestingBaba_test04 passed successfully]]>
  </system-out>
</testsuite> <!-- testingbaba.Testingbaba_textbox_test -->
